Application/build/outputs/logs/manifest-merger-debug-report.txt
-- Merging decision tree log ---
manifest
ADDED from src\main\AndroidManifest.xml:18:1-52:12
	package
		ADDED from src\main\AndroidManifest.xml:19:5-47
	xmlns:android
		ADDED from src\main\AndroidManifest.xml:18:11-69
uses-permission#android.permission.CAMERA
ADDED from src\main\AndroidManifest.xml:21:5-65
	android:name
		ADDED from src\main\AndroidManifest.xml:21:22-62
uses-feature#android.hardware.camera
ADDED from src\main\AndroidManifest.xml:23:5-60
	android:name
		ADDED from src\main\AndroidManifest.xml:23:19-57
uses-feature#android.hardware.camera.autofocus
ADDED from src\main\AndroidManifest.xml:24:5-70
	android:name
		ADDED from src\main\AndroidManifest.xml:24:19-67
application
ADDED from src\main\AndroidManifest.xml:26:5-50:19
MERGED from [com.android.support:support-v13:23.3.0] AndroidManifest.xml:22:5-20
MERGED from [com.android.support:support-v4:23.3.0] AndroidManifest.xml:22:5-20
MERGED from [com.android.support:cardview-v7:23.3.0] AndroidManifest.xml:22:5-20
MERGED from [com.android.support:appcompat-v7:23.0.0] AndroidManifest.xml:22:5-20
	android:label
		ADDED from src\main\AndroidManifest.xml:27:9-41
	android:allowBackup
		ADDED from src\main\AndroidManifest.xml:26:18-44
	android:icon
		ADDED from src\main\AndroidManifest.xml:28:9-45
	android:theme
		ADDED from src\main\AndroidManifest.xml:29:9-45
activity#com.example.android.camera2basic.CameraActivity
ADDED from src\main\AndroidManifest.xml:31:9-37:20
	android:label
		ADDED from src\main\AndroidManifest.xml:32:19-51
	android:name
		ADDED from src\main\AndroidManifest.xml:31:19-49
intent-filter#android.intent.action.MAIN+android.intent.category.LAUNCHER
ADDED from src\main\AndroidManifest.xml:33:13-36:29
action#android.intent.action.MAIN
ADDED from src\main\AndroidManifest.xml:34:17-69
	android:name
		ADDED from src\main\AndroidManifest.xml:34:25-66
category#android.intent.category.LAUNCHER
ADDED from src\main\AndroidManifest.xml:35:17-77
	android:name
		ADDED from src\main\AndroidManifest.xml:35:27-74
activity#com.google.zxing.client.android.CaptureActivity
ADDED from src\main\AndroidManifest.xml:38:9-49:20
	android:clearTaskOnLaunch
		ADDED from src\main\AndroidManifest.xml:40:13-45
	android:screenOrientation
		ADDED from src\main\AndroidManifest.xml:39:13-50
	android:stateNotNeeded
		ADDED from src\main\AndroidManifest.xml:41:13-42
	android:windowSoftInputMode
		ADDED from src\main\AndroidManifest.xml:44:13-60
	android:configChanges
		ADDED from src\main\AndroidManifest.xml:42:13-63
	android:theme
		ADDED from src\main\AndroidManifest.xml:43:13-71
	android:name
		ADDED from src\main\AndroidManifest.xml:38:19-81
intent-filter#android.intent.category.DEFAULT+com.google.zxing.client.android.SCAN
ADDED from src\main\AndroidManifest.xml:45:13-48:29
action#com.google.zxing.client.android.SCAN
ADDED from src\main\AndroidManifest.xml:46:17-78
	android:name
		ADDED from src\main\AndroidManifest.xml:46:25-76
category#android.intent.category.DEFAULT
ADDED from src\main\AndroidManifest.xml:47:17-75
	android:name
		ADDED from src\main\AndroidManifest.xml:47:27-73
uses-sdk
INJECTED from src\main\AndroidManifest.xml reason: use-sdk injection requested
MERGED from [com.android.support:support-v13:23.3.0] AndroidManifest.xml:20:5-44
MERGED from [com.android.support:support-v4:23.3.0] AndroidManifest.xml:20:5-43
MERGED from [com.android.support:cardview-v7:23.3.0] AndroidManifest.xml:20:5-43
MERGED from [com.android.support:appcompat-v7:23.0.0] AndroidManifest.xml:20:5-43
	android:targetSdkVersion
		INJECTED from src\main\AndroidManifest.xml
		INJECTED from src\main\AndroidManifest.xml
	android:minSdkVersion
		INJECTED from src\main\AndroidManifest.xml
		INJECTED from src\main\AndroidManifest.xml